#
# There is insufficient memory for the Java Runtime Environment to continue.
# Native memory allocation (malloc) failed to allocate 1405616 bytes for Chunk::new
# Possible reasons:
#   The system is out of physical RAM or swap space
#   In 32 bit mode, the process size limit was hit
# Possible solutions:
#   Reduce memory load on the system
#   Increase physical memory or swap space
#   Check if swap backing store is full
#   Use 64 bit Java on a 64 bit OS
#   Decrease Java heap size (-Xmx/-Xms)
#   Decrease number of Java threads
#   Decrease Java thread stack sizes (-Xss)
#   Set larger code cache with -XX:ReservedCodeCacheSize=
# This output file may be truncated or incomplete.
#
#  Out of Memory Error (allocation.cpp:390), pid=9324, tid=0x0000000000000bac
#
# JRE version: OpenJDK Runtime Environment (8.0_152-b01) (build 1.8.0_152-release-1248-b01)
# Java VM: OpenJDK 64-Bit Server VM (25.152-b01 mixed mode windows-amd64 compressed oops)
# Failed to write core dump. Minidumps are not enabled by default on client versions of Windows
#

---------------  T H R E A D  ---------------

Current thread (0x00000000169fe800):  JavaThread "C2 CompilerThread1" daemon [_thread_in_native, id=2988, stack(0x0000000018480000,0x0000000018580000)]

Stack: [0x0000000018480000,0x0000000018580000]
[error occurred during error reporting (printing stack bounds), id 0xc0000005]

Native frames: (J=compiled Java code, j=interpreted, Vv=VM code, C=native code)


Current CompileTask:
C2:1733795 24120       4       com.sun.tools.javac.jvm.ClassWriter::writePool (1051 bytes)


---------------  P R O C E S S  ---------------

Java Threads: ( => current thread )
  0x000000001d0c5800 JavaThread "Cache worker for Java compile cache (C:\Users\shfwk\Desktop\BzApp\.gradle\4.10.1\javaCompile)" [_thread_blocked, id=25116, stack(0x0000000031a20000,0x0000000031b20000)]
  0x000000001d0c3800 JavaThread "Cache worker for Build Output Cleanup Cache (C:\Users\shfwk\Desktop\BzApp\.gradle\buildOutputCleanup)" [_thread_blocked, id=18400, stack(0x0000000031820000,0x0000000031920000)]
  0x000000001d0c2800 JavaThread "Cache worker for task history cache (C:\Users\shfwk\Desktop\BzApp\.gradle\4.10.1\taskHistory)" [_thread_blocked, id=12844, stack(0x0000000031720000,0x0000000031820000)]
  0x000000001d0c1000 JavaThread "Task worker for ':' Thread 3" [_thread_in_native, id=23096, stack(0x0000000031620000,0x0000000031720000)]
  0x000000001d0c7000 JavaThread "Task worker for ':' Thread 2" [_thread_blocked, id=30488, stack(0x0000000031520000,0x0000000031620000)]
  0x000000001d0b9800 JavaThread "Task worker for ':'" [_thread_blocked, id=20144, stack(0x0000000031420000,0x0000000031520000)]
  0x000000001d0bf800 JavaThread "Cache worker for file content cache (C:\Users\shfwk\Desktop\BzApp\.gradle\4.10.1\fileContent)" [_thread_blocked, id=23724, stack(0x0000000031320000,0x0000000031420000)]
  0x000000001d0b8000 JavaThread "Build operations Thread 4" [_thread_blocked, id=32696, stack(0x0000000031220000,0x0000000031320000)]
  0x000000001d0be000 JavaThread "Build operations Thread 3" [_thread_blocked, id=14980, stack(0x0000000031120000,0x0000000031220000)]
  0x000000001d0bd800 JavaThread "Build operations Thread 2" [_thread_blocked, id=23304, stack(0x0000000031020000,0x0000000031120000)]
  0x000000001d0bf000 JavaThread "Build operations" [_thread_blocked, id=5144, stack(0x0000000030f20000,0x0000000031020000)]
  0x000000001d0bb000 JavaThread "Cache worker for cache directory md-rule (C:\Users\shfwk\.gradle\caches\4.10.1\md-rule)" [_thread_blocked, id=29920, stack(0x0000000030e20000,0x0000000030f20000)]
  0x000000001d0b9000 JavaThread "Cache worker for cache directory md-supplier (C:\Users\shfwk\.gradle\caches\4.10.1\md-supplier)" [_thread_blocked, id=26808, stack(0x0000000030d20000,0x0000000030e20000)]
  0x000000001d0bc800 JavaThread "Cache worker for file hash cache (C:\Users\shfwk\Desktop\BzApp\.gradle\4.10.1\fileHashes)" [_thread_blocked, id=31364, stack(0x0000000030c20000,0x0000000030d20000)]
  0x000000001c8cb000 JavaThread "Stdin handler" [_thread_blocked, id=15000, stack(0x0000000030b20000,0x0000000030c20000)]
  0x000000001c8ca000 JavaThread "Asynchronous log dispatcher for DefaultDaemonConnection: socket connection from /127.0.0.1:52468 to /127.0.0.1:52970" [_thread_blocked, id=26080, stack(0x0000000030a20000,0x0000000030b20000)]
  0x000000001c8c1000 JavaThread "Daemon worker Thread 6" [_thread_blocked, id=28656, stack(0x0000000030920000,0x0000000030a20000)]
  0x000000001c8c8000 JavaThread "Cancel handler" [_thread_blocked, id=11548, stack(0x0000000030820000,0x0000000030920000)]
  0x000000001c8c0800 JavaThread "Handler for socket connection from /127.0.0.1:52468 to /127.0.0.1:52970" [_thread_in_native, id=9484, stack(0x0000000030720000,0x0000000030820000)]
  0x000000001c8c7000 JavaThread "Daemon Thread 6" [_thread_blocked, id=16964, stack(0x0000000030620000,0x0000000030720000)]
  0x000000001d0c2000 JavaThread "Cache worker for Java compile cache (C:\Users\shfwk\.gradle\caches\4.10.1\javaCompile)" [_thread_blocked, id=20264, stack(0x0000000026eb0000,0x0000000026fb0000)]
  0x0000000017d9c800 JavaThread "MarlinRenderer Disposer" daemon [_thread_blocked, id=6940, stack(0x00000000265b0000,0x00000000266b0000)]
  0x000000001c248800 JavaThread "Java2D Disposer" daemon [_thread_blocked, id=3136, stack(0x00000000264b0000,0x00000000265b0000)]
  0x000000001c8cc800 JavaThread "Cache worker for file content cache (C:\Users\shfwk\.gradle\caches\4.10.1\fileContent)" [_thread_blocked, id=17744, stack(0x00000000258b0000,0x00000000259b0000)]
  0x000000001c244000 JavaThread "Memory manager" [_thread_blocked, id=14124, stack(0x0000000022040000,0x0000000022140000)]
  0x000000001c242800 JavaThread "pool-1-thread-1" [_thread_blocked, id=26124, stack(0x0000000021b40000,0x0000000021c40000)]
  0x000000001c23c000 JavaThread "Cache worker for Artifact transforms cache (C:\Users\shfwk\.gradle\caches\transforms-1)" [_thread_blocked, id=20140, stack(0x000000001fc30000,0x000000001fd30000)]
  0x0000000017d99800 JavaThread "Cache worker for journal cache (C:\Users\shfwk\.gradle\caches\journal-1)" [_thread_blocked, id=6564, stack(0x000000001d1f0000,0x000000001d2f0000)]
  0x000000001afba000 JavaThread "File lock request listener" [_thread_in_native, id=22952, stack(0x000000001c020000,0x000000001c120000)]
  0x000000001b197800 JavaThread "Cache worker for file hash cache (C:\Users\shfwk\.gradle\caches\4.10.1\fileHashes)" [_thread_blocked, id=19292, stack(0x000000001bf20000,0x000000001c020000)]
  0x0000000019bb1000 JavaThread "Daemon periodic checks" [_thread_blocked, id=21076, stack(0x000000001a450000,0x000000001a550000)]
  0x0000000019bab000 JavaThread "Incoming local TCP Connector on port 52468" [_thread_in_native, id=29176, stack(0x000000001a270000,0x000000001a370000)]
  0x0000000017e0e000 JavaThread "Service Thread" daemon [_thread_blocked, id=12244, stack(0x0000000018680000,0x0000000018780000)]
  0x0000000017d9a000 JavaThread "C1 CompilerThread2" daemon [_thread_blocked, id=19780, stack(0x0000000018580000,0x0000000018680000)]
=>0x00000000169fe800 JavaThread "C2 CompilerThread1" daemon [_thread_in_native, id=2988, stack(0x0000000018480000,0x0000000018580000)]
  0x00000000169f9800 JavaThread "C2 CompilerThread0" daemon [_thread_blocked, id=18620, stack(0x0000000018380000,0x0000000018480000)]
  0x00000000169f7800 JavaThread "Attach Listener" daemon [_thread_blocked, id=21368, stack(0x0000000018280000,0x0000000018380000)]
  0x00000000169b4800 JavaThread "Signal Dispatcher" daemon [_thread_blocked, id=24980, stack(0x0000000018180000,0x0000000018280000)]
  0x000000000300c000 JavaThread "Finalizer" daemon [_thread_blocked, id=20528, stack(0x0000000017bf0000,0x0000000017cf0000)]
  0x0000000003001000 JavaThread "Reference Handler" daemon [_thread_blocked, id=22960, stack(0x0000000017af0000,0x0000000017bf0000)]
  0x0000000002aae000 JavaThread "main" [_thread_blocked, id=10484, stack(0x0000000002e10000,0x0000000002f10000)]

Other Threads:
  0x0000000016966800 VMThread [stack: 0x00000000179f0000,0x0000000017af0000] [id=12192]
  0x0000000017e16800 WatcherThread [stack: 0x0000000018780000,0x0000000018880000] [id=13064]

VM state:not at safepoint (normal execution)

VM Mutex/Monitor currently owned by a thread: None

Heap:
 PSYoungGen      total 458240K, used 203910K [0x00000000e0000000, 0x00000000ffa00000, 0x0000000100000000)
  eden space 401408K, 45% used [0x00000000e0000000,0x00000000eb415478,0x00000000f8800000)
  from space 56832K, 34% used [0x00000000fc280000,0x00000000fd58c738,0x00000000ffa00000)
  to   space 58368K, 0% used [0x00000000f8800000,0x00000000f8800000,0x00000000fc100000)
 ParOldGen       total 186368K, used 60033K [0x00000000a0000000, 0x00000000ab600000, 0x00000000e0000000)
  object space 186368K, 32% used [0x00000000a0000000,0x00000000a3aa0620,0x00000000ab600000)
 Metaspace       used 96945K, capacity 101016K, committed 101160K, reserved 1136640K
  class space    used 12151K, capacity 12969K, committed 13096K, reserved 1048576K

Card table byte_map: [0x00000000123d0000,0x00000000126e0000] byte_map_base: 0x0000000011ed0000

Marking Bits: (ParMarkBitMap*) 0x0000000064245aa0
 Begin Bits: [0x0000000012ce0000, 0x00000000144e0000)
 End Bits:   [0x00000000144e0000, 0x0000000015ce0000)

Polling page: 0x0000000002a70000

CodeCache: size=245760Kb used=64397Kb max_used=64451Kb free=181363Kb
 bounds [0x0000000003010000, 0x0000000006f70000, 0x0000000012010000]
 total_blobs=19320 nmethods=18307 adapters=923
 compilation: enabled

Compilation events (10 events):
Event: 1732.728 Thread 0x00000000169fe800 24117       4       com.sun.tools.javac.tree.JCTree$JCExpression::setType (8 bytes)
Event: 1732.729 Thread 0x00000000169fe800 nmethod 24117 0x0000000003e2a590 code [0x0000000003e2a6c0, 0x0000000003e2a738]
Event: 1732.729 Thread 0x00000000169fe800 24118       4       com.sun.tools.javac.comp.Lower$BasicFreeVarCollector::visitIdent (9 bytes)
Event: 1732.729 Thread 0x0000000017d9a000 24119       3       com.sun.tools.javac.tree.JCTree$JCCase::getTag (4 bytes)
Event: 1732.729 Thread 0x0000000017d9a000 nmethod 24119 0x00000000059c03d0 code [0x00000000059c0520, 0x00000000059c0670]
Event: 1732.729 Thread 0x00000000169fe800 nmethod 24118 0x0000000006bc49d0 code [0x0000000006bc4b20, 0x0000000006bc4ba8]
Event: 1732.740 Thread 0x00000000169f9800 nmethod 24092 0x0000000006f5c0d0 code [0x0000000006f5c5e0, 0x0000000006f5f438]
Event: 1733.193 Thread 0x00000000169fe800 24120       4       com.sun.tools.javac.jvm.ClassWriter::writePool (1051 bytes)
Event: 1733.432 Thread 0x00000000169f9800 24121       4       com.sun.tools.javac.jvm.Pool$Variable::hashCode (38 bytes)
Event: 1733.435 Thread 0x00000000169f9800 nmethod 24121 0x0000000003998850 code [0x00000000039989c0, 0x0000000003998bf8]

GC Heap History (10 events):
Event: 475.826 GC heap before
{Heap before GC invocations=22 (full 4):
 PSYoungGen      total 455168K, used 6333K [0x00000000e0000000, 0x00000000ffe00000, 0x0000000100000000)
  eden space 388608K, 0% used [0x00000000e0000000,0x00000000e0000000,0x00000000f7b80000)
  from space 66560K, 9% used [0x00000000fbc80000,0x00000000fc2af6e0,0x00000000ffd80000)
  to   space 66560K, 0% used [0x00000000f7b80000,0x00000000f7b80000,0x00000000fbc80000)
 ParOldGen       total 186368K, used 152429K [0x00000000a0000000, 0x00000000ab600000, 0x00000000e0000000)
  object space 186368K, 81% used [0x00000000a0000000,0x00000000a94db5f8,0x00000000ab600000)
 Metaspace       used 94813K, capacity 98446K, committed 98600K, reserved 1134592K
  class space    used 11949K, capacity 12726K, committed 12840K, reserved 1048576K
Event: 476.003 GC heap after
Heap after GC invocations=22 (full 4):
 PSYoungGen      total 455168K, used 0K [0x00000000e0000000, 0x00000000ffe00000, 0x0000000100000000)
  eden space 388608K, 0% used [0x00000000e0000000,0x00000000e0000000,0x00000000f7b80000)
  from space 66560K, 0% used [0x00000000fbc80000,0x00000000fbc80000,0x00000000ffd80000)
  to   space 66560K, 0% used [0x00000000f7b80000,0x00000000f7b80000,0x00000000fbc80000)
 ParOldGen       total 186368K, used 54951K [0x00000000a0000000, 0x00000000ab600000, 0x00000000e0000000)
  object space 186368K, 29% used [0x00000000a0000000,0x00000000a35a9f70,0x00000000ab600000)
 Metaspace       used 94759K, capacity 98312K, committed 98600K, reserved 1134592K
  class space    used 11929K, capacity 12693K, committed 12840K, reserved 1048576K
}
Event: 485.053 GC heap before
{Heap before GC invocations=23 (full 4):
 PSYoungGen      total 455168K, used 388312K [0x00000000e0000000, 0x00000000ffe00000, 0x0000000100000000)
  eden space 388608K, 99% used [0x00000000e0000000,0x00000000f7b36278,0x00000000f7b80000)
  from space 66560K, 0% used [0x00000000fbc80000,0x00000000fbc80000,0x00000000ffd80000)
  to   space 66560K, 0% used [0x00000000f7b80000,0x00000000f7b80000,0x00000000fbc80000)
 ParOldGen       total 186368K, used 54951K [0x00000000a0000000, 0x00000000ab600000, 0x00000000e0000000)
  object space 186368K, 29% used [0x00000000a0000000,0x00000000a35a9f70,0x00000000ab600000)
 Metaspace       used 95392K, capacity 98996K, committed 99368K, reserved 1136640K
  class space    used 11991K, capacity 12741K, committed 12840K, reserved 1048576K
Event: 485.066 GC heap after
Heap after GC invocations=23 (full 4):
 PSYoungGen      total 416768K, used 27796K [0x00000000e0000000, 0x00000000ff900000, 0x0000000100000000)
  eden space 388608K, 0% used [0x00000000e0000000,0x00000000e0000000,0x00000000f7b80000)
  from space 28160K, 98% used [0x00000000f7b80000,0x00000000f96a53b0,0x00000000f9700000)
  to   space 62976K, 0% used [0x00000000fbb80000,0x00000000fbb80000,0x00000000ff900000)
 ParOldGen       total 186368K, used 54959K [0x00000000a0000000, 0x00000000ab600000, 0x00000000e0000000)
  object space 186368K, 29% used [0x00000000a0000000,0x00000000a35abf70,0x00000000ab600000)
 Metaspace       used 95392K, capacity 98996K, committed 99368K, reserved 1136640K
  class space    used 11991K, capacity 12741K, committed 12840K, reserved 1048576K
}
Event: 485.276 GC heap before
{Heap before GC invocations=24 (full 4):
 PSYoungGen      total 416768K, used 415757K [0x00000000e0000000, 0x00000000ff900000, 0x0000000100000000)
  eden space 388608K, 99% used [0x00000000e0000000,0x00000000f7ade388,0x00000000f7b80000)
  from space 28160K, 98% used [0x00000000f7b80000,0x00000000f96a53b0,0x00000000f9700000)
  to   space 62976K, 0% used [0x00000000fbb80000,0x00000000fbb80000,0x00000000ff900000)
 ParOldGen       total 186368K, used 54959K [0x00000000a0000000, 0x00000000ab600000, 0x00000000e0000000)
  object space 186368K, 29% used [0x00000000a0000000,0x00000000a35abf70,0x00000000ab600000)
 Metaspace       used 95406K, capacity 98996K, committed 99368K, reserved 1136640K
  class space    used 11991K, capacity 12741K, committed 12840K, reserved 1048576K
Event: 485.282 GC heap after
Heap after GC invocations=24 (full 4):
 PSYoungGen      total 455680K, used 16687K [0x00000000e0000000, 0x0000000100000000, 0x0000000100000000)
  eden space 392704K, 0% used [0x00000000e0000000,0x00000000e0000000,0x00000000f7f80000)
  from space 62976K, 26% used [0x00000000fbb80000,0x00000000fcbcbda0,0x00000000ff900000)
  to   space 61440K, 0% used [0x00000000f7f80000,0x00000000f7f80000,0x00000000fbb80000)
 ParOldGen       total 186368K, used 54959K [0x00000000a0000000, 0x00000000ab600000, 0x00000000e0000000)
  object space 186368K, 29% used [0x00000000a0000000,0x00000000a35abf70,0x00000000ab600000)
 Metaspace       used 95406K, capacity 98996K, committed 99368K, reserved 1136640K
  class space    used 11991K, capacity 12741K, committed 12840K, reserved 1048576K
}
Event: 849.098 GC heap before
{Heap before GC invocations=25 (full 4):
 PSYoungGen      total 455680K, used 409391K [0x00000000e0000000, 0x0000000100000000, 0x0000000100000000)
  eden space 392704K, 100% used [0x00000000e0000000,0x00000000f7f80000,0x00000000f7f80000)
  from space 62976K, 26% used [0x00000000fbb80000,0x00000000fcbcbda0,0x00000000ff900000)
  to   space 61440K, 0% used [0x00000000f7f80000,0x00000000f7f80000,0x00000000fbb80000)
 ParOldGen       total 186368K, used 54959K [0x00000000a0000000, 0x00000000ab600000, 0x00000000e0000000)
  object space 186368K, 29% used [0x00000000a0000000,0x00000000a35abf70,0x00000000ab600000)
 Metaspace       used 96410K, capacity 100216K, committed 100520K, reserved 1136640K
  class space    used 12112K, capacity 12899K, committed 12968K, reserved 1048576K
Event: 849.106 GC heap after
Heap after GC invocations=25 (full 4):
 PSYoungGen      total 454144K, used 6976K [0x00000000e0000000, 0x00000000ffe80000, 0x0000000100000000)
  eden space 392704K, 0% used [0x00000000e0000000,0x00000000e0000000,0x00000000f7f80000)
  from space 61440K, 11% used [0x00000000f7f80000,0x00000000f8650070,0x00000000fbb80000)
  to   space 61440K, 0% used [0x00000000fc280000,0x00000000fc280000,0x00000000ffe80000)
 ParOldGen       total 186368K, used 56480K [0x00000000a0000000, 0x00000000ab600000, 0x00000000e0000000)
  object space 186368K, 30% used [0x00000000a0000000,0x00000000a3728058,0x00000000ab600000)
 Metaspace       used 96410K, capacity 100216K, committed 100520K, reserved 1136640K
  class space    used 12112K, capacity 12899K, committed 12968K, reserved 1048576K
}
Event: 856.985 GC heap before
{Heap before GC invocations=26 (full 4):
 PSYoungGen      total 454144K, used 399156K [0x00000000e0000000, 0x00000000ffe80000, 0x0000000100000000)
  eden space 392704K, 99% used [0x00000000e0000000,0x00000000f7efd040,0x00000000f7f80000)
  from space 61440K, 11% used [0x00000000f7f80000,0x00000000f8650070,0x00000000fbb80000)
  to   space 61440K, 0% used [0x00000000fc280000,0x00000000fc280000,0x00000000ffe80000)
 ParOldGen       total 186368K, used 56480K [0x00000000a0000000, 0x00000000ab600000, 0x00000000e0000000)
  object space 186368K, 30% used [0x00000000a0000000,0x00000000a3728058,0x00000000ab600000)
 Metaspace       used 96543K, capacity 100390K, committed 100520K, reserved 1136640K
  class space    used 12116K, capacity 12906K, committed 12968K, reserved 1048576K
Event: 857.004 GC heap after
Heap after GC invocations=26 (full 4):
 PSYoungGen      total 458240K, used 19505K [0x00000000e0000000, 0x00000000ffa00000, 0x0000000100000000)
  eden space 401408K, 0% used [0x00000000e0000000,0x00000000e0000000,0x00000000f8800000)
  from space 56832K, 34% used [0x00000000fc280000,0x00000000fd58c738,0x00000000ffa00000)
  to   space 58368K, 0% used [0x00000000f8800000,0x00000000f8800000,0x00000000fc100000)
 ParOldGen       total 186368K, used 60033K [0x00000000a0000000, 0x00000000ab600000, 0x00000000e0000000)
  object space 186368K, 32% used [0x00000000a0000000,0x00000000a3aa0620,0x00000000ab600000)
 Metaspace       used 96543K, capacity 100390K, committed 100520K, reserved 1136640K
  class space    used 12116K, capacity 12906K, committed 12968K, reserved 1048576K
}

Deoptimization events (10 events):
Event: 1731.170 Thread 0x000000001d0c1000 Uncommon trap: reason=array_check action=maybe_recompile pc=0x0000000006ed578c method=java.util.ComparableTimSort.reverseRange([Ljava/lang/Object;II)V @ 20
Event: 1731.170 Thread 0x000000001d0c1000 Uncommon trap: reason=array_check action=maybe_recompile pc=0x0000000006d20a94 method=java.util.ComparableTimSort.mergeHi(IIII)V @ 101
Event: 1731.171 Thread 0x000000001d0c1000 Uncommon trap: reason=array_check action=maybe_recompile pc=0x00000000068e21b8 method=java.util.ComparableTimSort.mergeHi(IIII)V @ 245
Event: 1731.171 Thread 0x000000001d0c1000 Uncommon trap: reason=array_check action=maybe_recompile pc=0x00000000068f8348 method=java.util.ComparableTimSort.mergeLo(IIII)V @ 240
Event: 1731.171 Thread 0x000000001d0c1000 Uncommon trap: reason=array_check action=maybe_recompile pc=0x00000000068f8308 method=java.util.ComparableTimSort.mergeLo(IIII)V @ 207
Event: 1731.173 Thread 0x000000001d0c1000 Uncommon trap: reason=array_check action=maybe_recompile pc=0x00000000068f8308 method=java.util.ComparableTimSort.mergeLo(IIII)V @ 207
Event: 1731.173 Thread 0x000000001d0c1000 Uncommon trap: reason=array_check action=maybe_recompile pc=0x00000000068e21b8 method=java.util.ComparableTimSort.mergeHi(IIII)V @ 245
Event: 1731.271 Thread 0x000000001d0c1000 Uncommon trap: reason=array_check action=maybe_recompile pc=0x000000000500054c method=java.util.ComparableTimSort.binarySort([Ljava/lang/Object;III)V @ 193
Event: 1731.271 Thread 0x000000001d0c1000 Uncommon trap: reason=array_check action=maybe_recompile pc=0x000000000500054c method=java.util.ComparableTimSort.binarySort([Ljava/lang/Object;III)V @ 193
Event: 1731.625 Thread 0x000000001d0c1000 Uncommon trap: reason=unstable_if action=reinterpret pc=0x00000000059b4b80 method=com.sun.tools.javac.comp.Check.checkUnique(Lcom/sun/tools/javac/util/JCDiagnostic$DiagnosticPosition;Lcom/sun/tools/javac/code/Symbol;Lcom/sun/tools/javac/code/Scope;)Z @ 47

Classes redefined (0 events):
No events

Internal exceptions (10 events):
Event: 1726.723 Thread 0x000000001c8c1000 Exception <a 'sun/nio/fs/WindowsException'> (0x00000000e4b45818) thrown at [D:\src\AOSP-openjdk-cygwin\jdk8u\hotspot\src\share\vm\prims\jni.cpp, line 709]
Event: 1726.723 Thread 0x000000001c8c1000 Exception <a 'sun/nio/fs/WindowsException'> (0x00000000e4b46410) thrown at [D:\src\AOSP-openjdk-cygwin\jdk8u\hotspot\src\share\vm\prims\jni.cpp, line 709]
Event: 1726.723 Thread 0x000000001c8c1000 Exception <a 'sun/nio/fs/WindowsException'> (0x00000000e4b49790) thrown at [D:\src\AOSP-openjdk-cygwin\jdk8u\hotspot\src\share\vm\prims\jni.cpp, line 709]
Event: 1726.723 Thread 0x000000001c8c1000 Exception <a 'sun/nio/fs/WindowsException'> (0x00000000e4b4a388) thrown at [D:\src\AOSP-openjdk-cygwin\jdk8u\hotspot\src\share\vm\prims\jni.cpp, line 709]
Event: 1726.723 Thread 0x000000001c8c1000 Exception <a 'sun/nio/fs/WindowsException'> (0x00000000e4b4c670) thrown at [D:\src\AOSP-openjdk-cygwin\jdk8u\hotspot\src\share\vm\prims\jni.cpp, line 709]
Event: 1726.723 Thread 0x000000001c8c1000 Exception <a 'sun/nio/fs/WindowsException'> (0x00000000e4b4d278) thrown at [D:\src\AOSP-openjdk-cygwin\jdk8u\hotspot\src\share\vm\prims\jni.cpp, line 709]
Event: 1726.724 Thread 0x000000001c8c1000 Exception <a 'sun/nio/fs/WindowsException'> (0x00000000e4b50250) thrown at [D:\src\AOSP-openjdk-cygwin\jdk8u\hotspot\src\share\vm\prims\jni.cpp, line 709]
Event: 1726.724 Thread 0x000000001c8c1000 Exception <a 'sun/nio/fs/WindowsException'> (0x00000000e4b50e48) thrown at [D:\src\AOSP-openjdk-cygwin\jdk8u\hotspot\src\share\vm\prims\jni.cpp, line 709]
Event: 1726.724 Thread 0x000000001c8c1000 Exception <a 'sun/nio/fs/WindowsException'> (0x00000000e4b53130) thrown at [D:\src\AOSP-openjdk-cygwin\jdk8u\hotspot\src\share\vm\prims\jni.cpp, line 709]
Event: 1726.724 Thread 0x000000001c8c1000 Exception <a 'sun/nio/fs/WindowsException'> (0x00000000e4b53d48) thrown at [D:\src\AOSP-openjdk-cygwin\jdk8u\hotspot\src\share\vm\prims\jni.cpp, line 709]

Events (10 events):
Event: 1731.271 Thread 0x000000001d0c1000 DEOPT PACKING pc=0x000000000500054c sp=0x000000003171bf90
Event: 1731.271 Thread 0x000000001d0c1000 DEOPT UNPACKING pc=0x000000000305557b sp=0x000000003171bf38 mode 2
Event: 1731.271 Thread 0x000000001d0c1000 Uncommon trap: trap_request=0xffffffd6 fr.pc=0x000000000500054c
Event: 1731.271 Thread 0x000000001d0c1000 DEOPT PACKING pc=0x000000000500054c sp=0x000000003171bf90
Event: 1731.271 Thread 0x000000001d0c1000 DEOPT UNPACKING pc=0x000000000305557b sp=0x000000003171bf38 mode 2
Event: 1731.625 Thread 0x000000001d0c1000 Uncommon trap: trap_request=0xffffff65 fr.pc=0x00000000059b4b80
Event: 1731.625 Thread 0x000000001d0c1000 DEOPT PACKING pc=0x00000000059b4b80 sp=0x000000003171c6d0
Event: 1731.625 Thread 0x000000001d0c1000 DEOPT UNPACKING pc=0x000000000305557b sp=0x000000003171c688 mode 2
Event: 1733.213 Thread 0x000000001d0c1000 DEOPT PACKING pc=0x0000000005aa9c96 sp=0x000000003171c510
Event: 1733.213 Thread 0x000000001d0c1000 DEOPT UNPACKING pc=0x00000000030575d0 sp=0x000000003171c508 mode 0


Dynamic libraries:
0x00007ff6b5320000 - 0x00007ff6b5351000 	C:\Program Files\Android\Android Studio\jre\bin\java.exe
0x00007ff84fbc0000 - 0x00007ff84fda1000 	C:\WINDOWS\SYSTEM32\ntdll.dll
0x00007ff84f1f0000 - 0x00007ff84f2a2000 	C:\WINDOWS\System32\KERNEL32.DLL
0x00007ff84bf90000 - 0x00007ff84c203000 	C:\WINDOWS\System32\KERNELBASE.dll
0x00007ff84ed60000 - 0x00007ff84ee01000 	C:\WINDOWS\System32\ADVAPI32.dll
0x00007ff84eb40000 - 0x00007ff84ebde000 	C:\WINDOWS\System32\msvcrt.dll
0x00007ff84d1b0000 - 0x00007ff84d20b000 	C:\WINDOWS\System32\sechost.dll
0x00007ff84d050000 - 0x00007ff84d174000 	C:\WINDOWS\System32\RPCRT4.dll
0x00007ff84e860000 - 0x00007ff84e9f0000 	C:\WINDOWS\System32\USER32.dll
0x00007ff84cd90000 - 0x00007ff84cdb0000 	C:\WINDOWS\System32\win32u.dll
0x00007ff84d180000 - 0x00007ff84d1a8000 	C:\WINDOWS\System32\GDI32.dll
0x00007ff84c310000 - 0x00007ff84c4a2000 	C:\WINDOWS\System32\gdi32full.dll
0x00007ff84cc10000 - 0x00007ff84ccaf000 	C:\WINDOWS\System32\msvcp_win.dll
0x00007ff84c210000 - 0x00007ff84c30a000 	C:\WINDOWS\System32\ucrtbase.dll
0x00007ff83ef20000 - 0x00007ff83f189000 	C:\WINDOWS\WinSxS\amd64_microsoft.windows.common-controls_6595b64144ccf1df_6.0.17134.523_none_fb409dd930672a56\COMCTL32.dll
0x00007ff84f710000 - 0x00007ff84fa32000 	C:\WINDOWS\System32\combase.dll
0x00007ff84cd10000 - 0x00007ff84cd8a000 	C:\WINDOWS\System32\bcryptPrimitives.dll
0x00007ff84fa40000 - 0x00007ff84fa6d000 	C:\WINDOWS\System32\IMM32.DLL
0x00000000638c0000 - 0x0000000063992000 	C:\Program Files\Android\Android Studio\jre\jre\bin\msvcr100.dll
0x0000000063a80000 - 0x00000000642c1000 	C:\Program Files\Android\Android Studio\jre\jre\bin\server\jvm.dll
0x00007ff84f110000 - 0x00007ff84f118000 	C:\WINDOWS\System32\PSAPI.DLL
0x00007ff8488a0000 - 0x00007ff8488a9000 	C:\WINDOWS\SYSTEM32\WSOCK32.dll
0x00007ff84a1c0000 - 0x00007ff84a1e3000 	C:\WINDOWS\SYSTEM32\WINMM.dll
0x00007ff84f0a0000 - 0x00007ff84f10c000 	C:\WINDOWS\System32\WS2_32.dll
0x00007ff83f190000 - 0x00007ff83f19a000 	C:\WINDOWS\SYSTEM32\VERSION.dll
0x00007ff84a140000 - 0x00007ff84a16a000 	C:\WINDOWS\SYSTEM32\WINMMBASE.dll
0x00007ff84c4b0000 - 0x00007ff84c4f9000 	C:\WINDOWS\System32\cfgmgr32.dll
0x00007ff847c40000 - 0x00007ff847c4f000 	C:\Program Files\Android\Android Studio\jre\jre\bin\verify.dll
0x00007ff847c10000 - 0x00007ff847c39000 	C:\Program Files\Android\Android Studio\jre\jre\bin\java.dll
0x00007ff847be0000 - 0x00007ff847bf6000 	C:\Program Files\Android\Android Studio\jre\jre\bin\zip.dll
0x00007ff84d410000 - 0x00007ff84e850000 	C:\WINDOWS\System32\SHELL32.dll
0x00007ff84ee10000 - 0x00007ff84eeb9000 	C:\WINDOWS\System32\shcore.dll
0x00007ff84c500000 - 0x00007ff84cc0d000 	C:\WINDOWS\System32\windows.storage.dll
0x00007ff84f040000 - 0x00007ff84f091000 	C:\WINDOWS\System32\shlwapi.dll
0x00007ff84bf50000 - 0x00007ff84bf61000 	C:\WINDOWS\System32\kernel.appcore.dll
0x00007ff84bee0000 - 0x00007ff84beff000 	C:\WINDOWS\System32\profapi.dll
0x00007ff84bf00000 - 0x00007ff84bf4c000 	C:\WINDOWS\System32\powrprof.dll
0x00007ff84bed0000 - 0x00007ff84beda000 	C:\WINDOWS\System32\FLTLIB.DLL
0x00007ff846c40000 - 0x00007ff846c5a000 	C:\Program Files\Android\Android Studio\jre\jre\bin\net.dll
0x00007ff84b6f0000 - 0x00007ff84b756000 	C:\WINDOWS\system32\mswsock.dll
0x00007ff846c00000 - 0x00007ff846c11000 	C:\Program Files\Android\Android Studio\jre\jre\bin\nio.dll
0x00007ff845070000 - 0x00007ff84508e000 	C:\Users\shfwk\.gradle\native\25\windows-amd64\native-platform.dll
0x00007ff847ba0000 - 0x00007ff847bad000 	C:\Program Files\Android\Android Studio\jre\jre\bin\management.dll
0x00007ff84b8a0000 - 0x00007ff84b8b7000 	C:\WINDOWS\SYSTEM32\CRYPTSP.dll
0x00007ff84b2d0000 - 0x00007ff84b303000 	C:\WINDOWS\system32\rsaenh.dll
0x00007ff84b9d0000 - 0x00007ff84b9f5000 	C:\WINDOWS\SYSTEM32\bcrypt.dll
0x00007ff84be00000 - 0x00007ff84be28000 	C:\WINDOWS\SYSTEM32\USERENV.dll
0x00007ff84b8c0000 - 0x00007ff84b8cb000 	C:\WINDOWS\SYSTEM32\CRYPTBASE.dll
0x00007ff84b470000 - 0x00007ff84b4a8000 	C:\WINDOWS\SYSTEM32\IPHLPAPI.DLL
0x00007ff84f2b0000 - 0x00007ff84f2b8000 	C:\WINDOWS\System32\NSI.dll
0x00007ff843a10000 - 0x00007ff843a26000 	C:\WINDOWS\SYSTEM32\dhcpcsvc6.DLL
0x00007ff843ce0000 - 0x00007ff843cfa000 	C:\WINDOWS\SYSTEM32\dhcpcsvc.DLL
0x00007ff845220000 - 0x00007ff845244000 	C:\Program Files\Android\Android Studio\jre\jre\bin\sunec.dll
0x00007ff84b4b0000 - 0x00007ff84b56e000 	C:\WINDOWS\SYSTEM32\DNSAPI.dll
0x00007ff8406d0000 - 0x00007ff8406da000 	C:\Windows\System32\rasadhlp.dll
0x00007ff8406e0000 - 0x00007ff840752000 	C:\WINDOWS\System32\fwpuclnt.dll
0x00007ff846a50000 - 0x00007ff846a5b000 	C:\Program Files\Android\Android Studio\jre\jre\bin\sunmscapi.dll
0x00007ff84ce60000 - 0x00007ff84d042000 	C:\WINDOWS\System32\CRYPT32.dll
0x00007ff84bf70000 - 0x00007ff84bf82000 	C:\WINDOWS\System32\MSASN1.dll
0x00007ff838cd0000 - 0x00007ff838e67000 	C:\Program Files\Android\Android Studio\jre\jre\bin\awt.dll
0x00007ff84f120000 - 0x00007ff84f1e2000 	C:\WINDOWS\System32\OLEAUT32.dll
0x00007ff8493b0000 - 0x00007ff849977000 	C:\WINDOWS\SYSTEM32\d2d1.dll
0x00007ff84a300000 - 0x00007ff84a38b000 	C:\WINDOWS\SYSTEM32\apphelp.dll
0x00007ff84a640000 - 0x00007ff84a669000 	C:\WINDOWS\system32\DWMAPI.DLL
0x00007ff84a4c0000 - 0x00007ff84a558000 	C:\WINDOWS\system32\uxtheme.dll

VM Arguments:
jvm_args: -Xmx1536m -Dfile.encoding=x-windows-949 -Duser.country=KR -Duser.language=ko -Duser.variant 
java_command: org.gradle.launcher.daemon.bootstrap.GradleDaemon 4.10.1
java_class_path (initial): C:\Users\shfwk\.gradle\wrapper\dists\gradle-4.10.1-all\455itskqi2qtf0v2sja68alqd\gradle-4.10.1\lib\gradle-launcher-4.10.1.jar
Launcher Type: SUN_STANDARD

Environment Variables:
JAVA_HOME=C:\Program Files\Java\jdk1.8.0_171
PATH=C:\mysql\bin;C:\ProgramData\Oracle\Java\javapath;C:\Program Files (x86)\Intel\iCLS Client\;C:\Program Files\Intel\iCLS Client\;C:\WINDOWS\system32;C:\WINDOWS;C:\WINDOWS\System32\Wbem;C:\WINDOWS\System32\WindowsPowerShell\v1.0\;C:\Program Files (x86)\Intel\Intel(R) Management Engine Components\DAL;C:\Program Files\Intel\Intel(R) Management Engine Components\DAL;C:\Program Files (x86)\Intel\Intel(R) Management Engine Components\IPT;C:\Program Files\Intel\Intel(R) Management Engine Components\IPT;C:\Program Files (x86)\Xoreax\IncrediBuild;C:\WINDOWS\System32\OpenSSH\;C:\Program Files\Java\jdk1.8.0_171\bin;C:\Program Files\Git\cmd;C:\Users\shfwk\AppData\Local\Programs\Python\Python37\Scripts\;C:\Users\shfwk\AppData\Local\Programs\Python\Python37\;C:\Users\shfwk\AppData\Local\Microsoft\WindowsApps;C:\Users\shfwk\AppData\Local\Microsoft\WindowsApps;C:\Users\shfwk\AppData\Local\GitHubDesktop\bin;C:\Users\shfwk\AppData\Local\atom\bin;C:\Program Files\JetBrains\PyCharm Community Edition 2018.3.2\bin;
USERNAME=shfwk
OS=Windows_NT
PROCESSOR_IDENTIFIER=Intel64 Family 6 Model 142 Stepping 9, GenuineIntel



---------------  S Y S T E M  ---------------

OS: Windows 10.0 , 64 bit Build 17134 (10.0.17134.1)

CPU:total 4 (initial active 4) (2 cores per cpu, 2 threads per core) family 6 model 142 stepping 9, cmov, cx8, fxsr, mmx, sse, sse2, sse3, ssse3, sse4.1, sse4.2, popcnt, avx, avx2, aes, clmul, erms, 3dnowpref, lzcnt, ht, tsc, tscinvbit, bmi1, bmi2, adx

Memory: 4k page, physical 12467256k(5041364k free), swap 50215992k(5844k free)

vm_info: OpenJDK 64-Bit Server VM (25.152-b01) for windows-amd64 JRE (1.8.0_152-release-1248-b01), built by "builder" with MS VC++ 10.0 (VS2010)

time: Wed Jan 23 18:56:27 2019
elapsed time: 1733 seconds (0d 0h 28m 53s)

